[0.016s] Invoking command in '/home/lorena/drafts_ws/build/my_box_bot_gazebo': CMAKE_PREFIX_PATH=${CMAKE_PREFIX_PATH}:/opt/ros/foxy /usr/bin/cmake --build /home/lorena/drafts_ws/build/my_box_bot_gazebo -- -j12 -l12
[0.028s] -- Found ament_cmake: 0.9.11 (/opt/ros/foxy/share/ament_cmake/cmake)
[0.045s] -- Using PYTHON_EXECUTABLE: /usr/bin/python3
[0.169s] -- Found rclpy: 1.0.11 (/opt/ros/foxy/share/rclpy/cmake)
[0.169s] -- Found gazebo_ros: 3.5.3 (/opt/ros/foxy/share/gazebo_ros/cmake)
[0.190s] -- Using all available rosidl_typesupport_c: rosidl_typesupport_fastrtps_c;rosidl_typesupport_introspection_c
[0.192s] -- Found rosidl_adapter: 1.3.0 (/opt/ros/foxy/share/rosidl_adapter/cmake)
[0.273s] -- Using all available rosidl_typesupport_cpp: rosidl_typesupport_fastrtps_cpp;rosidl_typesupport_introspection_cpp
[0.299s] -- Found rmw_implementation_cmake: 1.0.3 (/opt/ros/foxy/share/rmw_implementation_cmake/cmake)
[0.300s] -- Using RMW implementation 'rmw_fastrtps_cpp' as default
[0.379s] [33mCMake Warning (dev) at /usr/share/cmake-3.26/Modules/FindPackageHandleStandardArgs.cmake:438 (message):
[0.379s]   The package name passed to `find_package_handle_standard_args` (PkgConfig)
[0.379s]   does not match the name of the calling package (gazebo).  This can lead to
[0.379s]   problems in calling code that expects `find_package` result variables
[0.379s]   (e.g., `_FOUND`) to follow a certain pattern.
[0.379s] Call Stack (most recent call first):
[0.379s]   /usr/share/cmake-3.26/Modules/FindPkgConfig.cmake:99 (find_package_handle_standard_args)
[0.379s]   /usr/lib/x86_64-linux-gnu/cmake/gazebo/gazebo-config.cmake:72 (include)
[0.379s]   /opt/ros/foxy/share/gazebo_dev/cmake/gazebo_dev-extras.cmake:2 (find_package)
[0.379s]   /opt/ros/foxy/share/gazebo_dev/cmake/gazebo_devConfig.cmake:41 (include)
[0.379s]   /opt/ros/foxy/share/gazebo_ros/cmake/ament_cmake_export_dependencies-extras.cmake:21 (find_package)
[0.379s]   /opt/ros/foxy/share/gazebo_ros/cmake/gazebo_rosConfig.cmake:41 (include)
[0.379s]   CMakeLists.txt:21 (find_package)
[0.380s] This warning is for project developers.  Use -Wno-dev to suppress it.
[0.380s] [0m
[0.404s] -- Found DART: /usr/include (Required is at least version "6.6") found components: dart 
[0.422s] -- Found Protobuf: /usr/lib/x86_64-linux-gnu/libprotobuf.so;-lpthread (found version "3.6.1") 
[0.423s] -- Looking for ignition-math6 -- found version 6.13.0
[0.426s] -- Searching for dependencies of ignition-math6
[0.427s] -- Looking for OGRE...
[0.430s] -- Found Ogre Ghadamon (1.9.0)
[0.430s] -- Found OGRE: optimized;/usr/lib/x86_64-linux-gnu/libOgreMain.so;debug;/usr/lib/x86_64-linux-gnu/libOgreMain.so
[0.437s] -- Looking for OGRE_Paging...
[0.437s] -- Found OGRE_Paging: optimized;/usr/lib/x86_64-linux-gnu/libOgrePaging.so;debug;/usr/lib/x86_64-linux-gnu/libOgrePaging.so
[0.437s] -- Looking for OGRE_Terrain...
[0.437s] -- Found OGRE_Terrain: optimized;/usr/lib/x86_64-linux-gnu/libOgreTerrain.so;debug;/usr/lib/x86_64-linux-gnu/libOgreTerrain.so
[0.437s] -- Looking for OGRE_Property...
[0.437s] -- Found OGRE_Property: optimized;/usr/lib/x86_64-linux-gnu/libOgreProperty.so;debug;/usr/lib/x86_64-linux-gnu/libOgreProperty.so
[0.437s] -- Looking for OGRE_RTShaderSystem...
[0.437s] -- Found OGRE_RTShaderSystem: optimized;/usr/lib/x86_64-linux-gnu/libOgreRTShaderSystem.so;debug;/usr/lib/x86_64-linux-gnu/libOgreRTShaderSystem.so
[0.437s] -- Looking for OGRE_Volume...
[0.437s] -- Found OGRE_Volume: optimized;/usr/lib/x86_64-linux-gnu/libOgreVolume.so;debug;/usr/lib/x86_64-linux-gnu/libOgreVolume.so
[0.438s] -- Looking for OGRE_Overlay...
[0.438s] -- Found OGRE_Overlay: optimized;/usr/lib/x86_64-linux-gnu/libOgreOverlay.so;debug;/usr/lib/x86_64-linux-gnu/libOgreOverlay.so
[0.549s] -- Looking for ignition-math6 -- found version 6.13.0
[0.550s] -- Looking for ignition-transport8 -- found version 8.4.0
[0.550s] -- Searching for dependencies of ignition-transport8
[0.562s] -- Found Protobuf: /usr/lib/x86_64-linux-gnu/libprotobuf.so;-lpthread (found suitable version "3.6.1", minimum required is "3") 
[0.569s] -- Config-file not installed for ZeroMQ -- checking for pkg-config
[0.572s] -- Checking for module 'libzmq >= 4'
[0.580s] --   Found libzmq , version 4.3.2
[0.606s] -- Checking for module 'uuid'
[0.615s] --   Found uuid, version 2.34.0
[0.655s] -- Looking for ignition-msgs5 -- found version 5.11.0
[0.655s] -- Searching for dependencies of ignition-msgs5
[0.675s] -- Looking for ignition-math6 -- found version 6.13.0
[0.677s] -- Checking for module 'tinyxml2'
[0.685s] --   Found tinyxml2, version 6.2.0
[0.724s] -- Looking for ignition-msgs5 -- found version 5.11.0
[0.725s] -- Looking for ignition-common3 -- found version 3.15.1
[0.725s] -- Searching for dependencies of ignition-common3
[0.725s] -- Looking for dlfcn.h - found
[0.725s] -- Looking for libdl - found
[0.738s] -- Searching for <ignition-common3> component [graphics]
[0.739s] -- Looking for ignition-common3-graphics -- found version 3.15.1
[0.739s] -- Searching for dependencies of ignition-common3-graphics
[0.739s] -- Looking for ignition-math6 -- found version 6.13.0
[0.740s] -- Looking for ignition-fuel_tools4 -- found version 4.8.3
[0.740s] -- Searching for dependencies of ignition-fuel_tools4
[0.764s] -- Checking for module 'jsoncpp'
[0.771s] --   Found jsoncpp, version 1.7.4
[0.803s] -- Checking for module 'libzip'
[0.818s] --   Found libzip, version 1.5.1
[0.876s] -- Looking for ignition-common3 -- found version 3.15.1
[0.876s] -- Looking for ignition-math6 -- found version 6.13.0
[0.877s] -- Looking for ignition-msgs5 -- found version 5.11.0
[0.879s] -- Gazebo version: 11.12
[0.888s] -- Found my_box_bot_description: 0.0.0 (/home/lorena/drafts_ws/install/my_box_bot_description/share/my_box_bot_description/cmake)
[0.888s] -- Found ament_lint_auto: 0.9.7 (/opt/ros/foxy/share/ament_lint_auto/cmake)
[0.931s] -- Added test 'copyright' to check source files copyright and LICENSE
[0.932s] -- Added test 'cppcheck' to perform static code analysis on C / C++ code
[0.932s] -- Configured cppcheck include dirs: 
[0.932s] -- Configured cppcheck exclude dirs and/or files: 
[0.933s] -- Added test 'cpplint' to check C / C++ code against the Google style
[0.933s] -- Configured cpplint exclude dirs and/or files: 
[0.933s] -- Added test 'flake8' to check Python code syntax and style conventions
[0.933s] -- Added test 'lint_cmake' to check CMake code style
[0.933s] -- Added test 'pep257' to check Python code against some of the style conventions in PEP 257
[0.934s] -- Added test 'uncrustify' to check C / C++ code style
[0.934s] -- Configured uncrustify additional arguments: 
[0.934s] -- Added test 'xmllint' to check XML markup files
[0.935s] -- Configuring done (0.9s)
[0.942s] -- Generating done (0.0s)
[0.943s] -- Build files have been written to: /home/lorena/drafts_ws/build/my_box_bot_gazebo
[0.957s] [ 50%] [32mBuilding CXX object CMakeFiles/tf_plugin.dir/models/tf_plugin/tf_plugin.cpp.o[0m
[0.958s] [01m[Kc++:[m[K [01;31m[Kfatal error: [m[Kno input files
[0.958s] compilation terminated.
[0.958s] /bin/sh: 1: -std=gnu++17: not found
[0.958s] make[2]: *** [CMakeFiles/tf_plugin.dir/build.make:76: CMakeFiles/tf_plugin.dir/models/tf_plugin/tf_plugin.cpp.o] Error 127
[0.958s] make[1]: *** [CMakeFiles/Makefile2:137: CMakeFiles/tf_plugin.dir/all] Error 2
[0.958s] make: *** [Makefile:146: all] Error 2
[0.960s] Invoked command in '/home/lorena/drafts_ws/build/my_box_bot_gazebo' returned '2': CMAKE_PREFIX_PATH=${CMAKE_PREFIX_PATH}:/opt/ros/foxy /usr/bin/cmake --build /home/lorena/drafts_ws/build/my_box_bot_gazebo -- -j12 -l12
