[0.019s] Invoking command in '/home/lorena/drafts_ws/build/my_box_bot_gazebo': CMAKE_PREFIX_PATH=${CMAKE_PREFIX_PATH}:/opt/ros/foxy /usr/bin/cmake --build /home/lorena/drafts_ws/build/my_box_bot_gazebo -- -j12 -l12
[0.038s] -- Found ament_cmake: 0.9.11 (/opt/ros/foxy/share/ament_cmake/cmake)
[0.057s] -- Using PYTHON_EXECUTABLE: /usr/bin/python3
[0.207s] -- Found rclpy: 1.0.11 (/opt/ros/foxy/share/rclpy/cmake)
[0.207s] -- Found gazebo_ros: 3.5.3 (/opt/ros/foxy/share/gazebo_ros/cmake)
[0.241s] -- Using all available rosidl_typesupport_c: rosidl_typesupport_fastrtps_c;rosidl_typesupport_introspection_c
[0.244s] -- Found rosidl_adapter: 1.3.0 (/opt/ros/foxy/share/rosidl_adapter/cmake)
[0.338s] -- Using all available rosidl_typesupport_cpp: rosidl_typesupport_fastrtps_cpp;rosidl_typesupport_introspection_cpp
[0.374s] -- Found rmw_implementation_cmake: 1.0.3 (/opt/ros/foxy/share/rmw_implementation_cmake/cmake)
[0.374s] -- Using RMW implementation 'rmw_fastrtps_cpp' as default
[0.470s] [33mCMake Warning (dev) at /usr/share/cmake-3.26/Modules/FindPackageHandleStandardArgs.cmake:438 (message):
[0.470s]   The package name passed to `find_package_handle_standard_args` (PkgConfig)
[0.470s]   does not match the name of the calling package (gazebo).  This can lead to
[0.470s]   problems in calling code that expects `find_package` result variables
[0.470s]   (e.g., `_FOUND`) to follow a certain pattern.
[0.470s] Call Stack (most recent call first):
[0.470s]   /usr/share/cmake-3.26/Modules/FindPkgConfig.cmake:99 (find_package_handle_standard_args)
[0.470s]   /usr/lib/x86_64-linux-gnu/cmake/gazebo/gazebo-config.cmake:72 (include)
[0.470s]   /opt/ros/foxy/share/gazebo_dev/cmake/gazebo_dev-extras.cmake:2 (find_package)
[0.471s]   /opt/ros/foxy/share/gazebo_dev/cmake/gazebo_devConfig.cmake:41 (include)
[0.471s]   /opt/ros/foxy/share/gazebo_ros/cmake/ament_cmake_export_dependencies-extras.cmake:21 (find_package)
[0.471s]   /opt/ros/foxy/share/gazebo_ros/cmake/gazebo_rosConfig.cmake:41 (include)
[0.471s]   CMakeLists.txt:21 (find_package)
[0.471s] This warning is for project developers.  Use -Wno-dev to suppress it.
[0.471s] [0m
[0.501s] -- Found DART: /usr/include (Required is at least version "6.6") found components: dart 
[0.524s] -- Found Protobuf: /usr/lib/x86_64-linux-gnu/libprotobuf.so;-lpthread (found version "3.6.1") 
[0.526s] -- Looking for ignition-math6 -- found version 6.13.0
[0.532s] -- Searching for dependencies of ignition-math6
[0.533s] -- Looking for OGRE...
[0.537s] -- Found Ogre Ghadamon (1.9.0)
[0.537s] -- Found OGRE: optimized;/usr/lib/x86_64-linux-gnu/libOgreMain.so;debug;/usr/lib/x86_64-linux-gnu/libOgreMain.so
[0.544s] -- Looking for OGRE_Paging...
[0.544s] -- Found OGRE_Paging: optimized;/usr/lib/x86_64-linux-gnu/libOgrePaging.so;debug;/usr/lib/x86_64-linux-gnu/libOgrePaging.so
[0.544s] -- Looking for OGRE_Terrain...
[0.544s] -- Found OGRE_Terrain: optimized;/usr/lib/x86_64-linux-gnu/libOgreTerrain.so;debug;/usr/lib/x86_64-linux-gnu/libOgreTerrain.so
[0.544s] -- Looking for OGRE_Property...
[0.544s] -- Found OGRE_Property: optimized;/usr/lib/x86_64-linux-gnu/libOgreProperty.so;debug;/usr/lib/x86_64-linux-gnu/libOgreProperty.so
[0.544s] -- Looking for OGRE_RTShaderSystem...
[0.544s] -- Found OGRE_RTShaderSystem: optimized;/usr/lib/x86_64-linux-gnu/libOgreRTShaderSystem.so;debug;/usr/lib/x86_64-linux-gnu/libOgreRTShaderSystem.so
[0.544s] -- Looking for OGRE_Volume...
[0.544s] -- Found OGRE_Volume: optimized;/usr/lib/x86_64-linux-gnu/libOgreVolume.so;debug;/usr/lib/x86_64-linux-gnu/libOgreVolume.so
[0.544s] -- Looking for OGRE_Overlay...
[0.544s] -- Found OGRE_Overlay: optimized;/usr/lib/x86_64-linux-gnu/libOgreOverlay.so;debug;/usr/lib/x86_64-linux-gnu/libOgreOverlay.so
[0.664s] -- Looking for ignition-math6 -- found version 6.13.0
[0.666s] -- Looking for ignition-transport8 -- found version 8.4.0
[0.666s] -- Searching for dependencies of ignition-transport8
[0.678s] -- Found Protobuf: /usr/lib/x86_64-linux-gnu/libprotobuf.so;-lpthread (found suitable version "3.6.1", minimum required is "3") 
[0.689s] -- Config-file not installed for ZeroMQ -- checking for pkg-config
[0.693s] -- Checking for module 'libzmq >= 4'
[0.704s] --   Found libzmq , version 4.3.2
[0.729s] -- Checking for module 'uuid'
[0.739s] --   Found uuid, version 2.34.0
[0.761s] -- Looking for ignition-msgs5 -- found version 5.11.0
[0.761s] -- Searching for dependencies of ignition-msgs5
[0.774s] -- Looking for ignition-math6 -- found version 6.13.0
[0.777s] -- Checking for module 'tinyxml2'
[0.785s] --   Found tinyxml2, version 6.2.0
[0.808s] -- Looking for ignition-msgs5 -- found version 5.11.0
[0.809s] -- Looking for ignition-common3 -- found version 3.15.1
[0.809s] -- Searching for dependencies of ignition-common3
[0.809s] -- Looking for dlfcn.h - found
[0.809s] -- Looking for libdl - found
[0.817s] -- Searching for <ignition-common3> component [graphics]
[0.818s] -- Looking for ignition-common3-graphics -- found version 3.15.1
[0.818s] -- Searching for dependencies of ignition-common3-graphics
[0.818s] -- Looking for ignition-math6 -- found version 6.13.0
[0.819s] -- Looking for ignition-fuel_tools4 -- found version 4.8.3
[0.819s] -- Searching for dependencies of ignition-fuel_tools4
[0.849s] -- Checking for module 'jsoncpp'
[0.857s] --   Found jsoncpp, version 1.7.4
[0.883s] -- Checking for module 'libzip'
[0.891s] --   Found libzip, version 1.5.1
[0.927s] -- Looking for ignition-common3 -- found version 3.15.1
[0.928s] -- Looking for ignition-math6 -- found version 6.13.0
[0.928s] -- Looking for ignition-msgs5 -- found version 5.11.0
[0.930s] -- Gazebo version: 11.12
[0.938s] -- Found my_box_bot_description: 0.0.0 (/home/lorena/drafts_ws/install/my_box_bot_description/share/my_box_bot_description/cmake)
[0.939s] -- Found ament_lint_auto: 0.9.7 (/opt/ros/foxy/share/ament_lint_auto/cmake)
[0.989s] -- Added test 'copyright' to check source files copyright and LICENSE
[0.990s] -- Added test 'cppcheck' to perform static code analysis on C / C++ code
[0.991s] -- Configured cppcheck include dirs: 
[0.991s] -- Configured cppcheck exclude dirs and/or files: 
[0.991s] -- Added test 'cpplint' to check C / C++ code against the Google style
[0.991s] -- Configured cpplint exclude dirs and/or files: 
[0.992s] -- Added test 'flake8' to check Python code syntax and style conventions
[0.992s] -- Added test 'lint_cmake' to check CMake code style
[0.992s] -- Added test 'pep257' to check Python code against some of the style conventions in PEP 257
[0.993s] -- Added test 'uncrustify' to check C / C++ code style
[0.994s] -- Configured uncrustify additional arguments: 
[0.994s] -- Added test 'xmllint' to check XML markup files
[0.995s] -- Configuring done (1.0s)
[1.021s] -- Generating done (0.0s)
[1.022s] -- Build files have been written to: /home/lorena/drafts_ws/build/my_box_bot_gazebo
[1.039s] [ 50%] [32mBuilding CXX object CMakeFiles/tf_plugin.dir/models/tf_plugin/tf_plugin.cpp.o[0m
[1.043s] [01m[Kc++:[m[K [01;31m[Kfatal error: [m[Kno input files
[1.043s] compilation terminated.
[1.043s] /bin/sh: 1: -std=gnu++17: not found
[1.043s] make[2]: *** [CMakeFiles/tf_plugin.dir/build.make:76: CMakeFiles/tf_plugin.dir/models/tf_plugin/tf_plugin.cpp.o] Error 127
[1.043s] make[1]: *** [CMakeFiles/Makefile2:137: CMakeFiles/tf_plugin.dir/all] Error 2
[1.044s] make: *** [Makefile:146: all] Error 2
[1.046s] Invoked command in '/home/lorena/drafts_ws/build/my_box_bot_gazebo' returned '2': CMAKE_PREFIX_PATH=${CMAKE_PREFIX_PATH}:/opt/ros/foxy /usr/bin/cmake --build /home/lorena/drafts_ws/build/my_box_bot_gazebo -- -j12 -l12
