[0.019s] Invoking command in '/home/lorena/drafts_ws/build/my_box_bot_gazebo': CMAKE_PREFIX_PATH=${CMAKE_PREFIX_PATH}:/opt/ros/foxy /usr/bin/cmake --build /home/lorena/drafts_ws/build/my_box_bot_gazebo -- -j12 -l12
[0.030s] -- Found ament_cmake: 0.9.11 (/opt/ros/foxy/share/ament_cmake/cmake)
[0.046s] -- Using PYTHON_EXECUTABLE: /usr/bin/python3
[0.174s] -- Found rclpy: 1.0.11 (/opt/ros/foxy/share/rclpy/cmake)
[0.174s] -- Found gazebo_ros: 3.5.3 (/opt/ros/foxy/share/gazebo_ros/cmake)
[0.198s] -- Using all available rosidl_typesupport_c: rosidl_typesupport_fastrtps_c;rosidl_typesupport_introspection_c
[0.198s] -- Found rosidl_adapter: 1.3.0 (/opt/ros/foxy/share/rosidl_adapter/cmake)
[0.277s] -- Using all available rosidl_typesupport_cpp: rosidl_typesupport_fastrtps_cpp;rosidl_typesupport_introspection_cpp
[0.305s] -- Found rmw_implementation_cmake: 1.0.3 (/opt/ros/foxy/share/rmw_implementation_cmake/cmake)
[0.305s] -- Using RMW implementation 'rmw_fastrtps_cpp' as default
[0.385s] [33mCMake Warning (dev) at /usr/share/cmake-3.26/Modules/FindPackageHandleStandardArgs.cmake:438 (message):
[0.385s]   The package name passed to `find_package_handle_standard_args` (PkgConfig)
[0.385s]   does not match the name of the calling package (gazebo).  This can lead to
[0.386s]   problems in calling code that expects `find_package` result variables
[0.386s]   (e.g., `_FOUND`) to follow a certain pattern.
[0.386s] Call Stack (most recent call first):
[0.386s]   /usr/share/cmake-3.26/Modules/FindPkgConfig.cmake:99 (find_package_handle_standard_args)
[0.386s]   /usr/lib/x86_64-linux-gnu/cmake/gazebo/gazebo-config.cmake:72 (include)
[0.386s]   /opt/ros/foxy/share/gazebo_dev/cmake/gazebo_dev-extras.cmake:2 (find_package)
[0.386s]   /opt/ros/foxy/share/gazebo_dev/cmake/gazebo_devConfig.cmake:41 (include)
[0.386s]   /opt/ros/foxy/share/gazebo_ros/cmake/ament_cmake_export_dependencies-extras.cmake:21 (find_package)
[0.386s]   /opt/ros/foxy/share/gazebo_ros/cmake/gazebo_rosConfig.cmake:41 (include)
[0.386s]   CMakeLists.txt:21 (find_package)
[0.386s] This warning is for project developers.  Use -Wno-dev to suppress it.
[0.386s] [0m
[0.410s] -- Found DART: /usr/include (Required is at least version "6.6") found components: dart 
[0.429s] -- Found Protobuf: /usr/lib/x86_64-linux-gnu/libprotobuf.so;-lpthread (found version "3.6.1") 
[0.429s] -- Looking for ignition-math6 -- found version 6.13.0
[0.432s] -- Searching for dependencies of ignition-math6
[0.433s] -- Looking for OGRE...
[0.437s] -- Found Ogre Ghadamon (1.9.0)
[0.437s] -- Found OGRE: optimized;/usr/lib/x86_64-linux-gnu/libOgreMain.so;debug;/usr/lib/x86_64-linux-gnu/libOgreMain.so
[0.443s] -- Looking for OGRE_Paging...
[0.443s] -- Found OGRE_Paging: optimized;/usr/lib/x86_64-linux-gnu/libOgrePaging.so;debug;/usr/lib/x86_64-linux-gnu/libOgrePaging.so
[0.443s] -- Looking for OGRE_Terrain...
[0.443s] -- Found OGRE_Terrain: optimized;/usr/lib/x86_64-linux-gnu/libOgreTerrain.so;debug;/usr/lib/x86_64-linux-gnu/libOgreTerrain.so
[0.443s] -- Looking for OGRE_Property...
[0.443s] -- Found OGRE_Property: optimized;/usr/lib/x86_64-linux-gnu/libOgreProperty.so;debug;/usr/lib/x86_64-linux-gnu/libOgreProperty.so
[0.443s] -- Looking for OGRE_RTShaderSystem...
[0.443s] -- Found OGRE_RTShaderSystem: optimized;/usr/lib/x86_64-linux-gnu/libOgreRTShaderSystem.so;debug;/usr/lib/x86_64-linux-gnu/libOgreRTShaderSystem.so
[0.443s] -- Looking for OGRE_Volume...
[0.443s] -- Found OGRE_Volume: optimized;/usr/lib/x86_64-linux-gnu/libOgreVolume.so;debug;/usr/lib/x86_64-linux-gnu/libOgreVolume.so
[0.443s] -- Looking for OGRE_Overlay...
[0.444s] -- Found OGRE_Overlay: optimized;/usr/lib/x86_64-linux-gnu/libOgreOverlay.so;debug;/usr/lib/x86_64-linux-gnu/libOgreOverlay.so
[0.554s] -- Looking for ignition-math6 -- found version 6.13.0
[0.554s] -- Looking for ignition-transport8 -- found version 8.4.0
[0.554s] -- Searching for dependencies of ignition-transport8
[0.566s] -- Found Protobuf: /usr/lib/x86_64-linux-gnu/libprotobuf.so;-lpthread (found suitable version "3.6.1", minimum required is "3") 
[0.573s] -- Config-file not installed for ZeroMQ -- checking for pkg-config
[0.576s] -- Checking for module 'libzmq >= 4'
[0.583s] --   Found libzmq , version 4.3.2
[0.610s] -- Checking for module 'uuid'
[0.620s] --   Found uuid, version 2.34.0
[0.671s] -- Looking for ignition-msgs5 -- found version 5.11.0
[0.671s] -- Searching for dependencies of ignition-msgs5
[0.690s] -- Looking for ignition-math6 -- found version 6.13.0
[0.693s] -- Checking for module 'tinyxml2'
[0.700s] --   Found tinyxml2, version 6.2.0
[0.739s] -- Looking for ignition-msgs5 -- found version 5.11.0
[0.740s] -- Looking for ignition-common3 -- found version 3.15.1
[0.740s] -- Searching for dependencies of ignition-common3
[0.740s] -- Looking for dlfcn.h - found
[0.740s] -- Looking for libdl - found
[0.752s] -- Searching for <ignition-common3> component [graphics]
[0.753s] -- Looking for ignition-common3-graphics -- found version 3.15.1
[0.753s] -- Searching for dependencies of ignition-common3-graphics
[0.753s] -- Looking for ignition-math6 -- found version 6.13.0
[0.754s] -- Looking for ignition-fuel_tools4 -- found version 4.8.3
[0.754s] -- Searching for dependencies of ignition-fuel_tools4
[0.779s] -- Checking for module 'jsoncpp'
[0.786s] --   Found jsoncpp, version 1.7.4
[0.817s] -- Checking for module 'libzip'
[0.830s] --   Found libzip, version 1.5.1
[0.881s] -- Looking for ignition-common3 -- found version 3.15.1
[0.881s] -- Looking for ignition-math6 -- found version 6.13.0
[0.882s] -- Looking for ignition-msgs5 -- found version 5.11.0
[0.883s] -- Gazebo version: 11.12
[0.892s] -- Found my_box_bot_description: 0.0.0 (/home/lorena/drafts_ws/install/my_box_bot_description/share/my_box_bot_description/cmake)
[0.893s] -- Found ament_lint_auto: 0.9.7 (/opt/ros/foxy/share/ament_lint_auto/cmake)
[0.936s] -- Added test 'copyright' to check source files copyright and LICENSE
[0.936s] -- Added test 'cppcheck' to perform static code analysis on C / C++ code
[0.937s] -- Configured cppcheck include dirs: 
[0.937s] -- Configured cppcheck exclude dirs and/or files: 
[0.937s] -- Added test 'cpplint' to check C / C++ code against the Google style
[0.937s] -- Configured cpplint exclude dirs and/or files: 
[0.937s] -- Added test 'flake8' to check Python code syntax and style conventions
[0.938s] -- Added test 'lint_cmake' to check CMake code style
[0.938s] -- Added test 'pep257' to check Python code against some of the style conventions in PEP 257
[0.938s] -- Added test 'uncrustify' to check C / C++ code style
[0.938s] -- Configured uncrustify additional arguments: 
[0.938s] -- Added test 'xmllint' to check XML markup files
[0.939s] -- Configuring done (0.9s)
[0.946s] -- Generating done (0.0s)
[0.947s] -- Build files have been written to: /home/lorena/drafts_ws/build/my_box_bot_gazebo
[0.961s] [ 50%] [32mBuilding CXX object CMakeFiles/tf_plugin.dir/models/tf_plugin/tf_plugin.cpp.o[0m
[0.962s] [01m[Kc++:[m[K [01;31m[Kfatal error: [m[Kno input files
[0.963s] compilation terminated.
[0.963s] /bin/sh: 1: -std=gnu++17: not found
[0.963s] make[2]: *** [CMakeFiles/tf_plugin.dir/build.make:76: CMakeFiles/tf_plugin.dir/models/tf_plugin/tf_plugin.cpp.o] Error 127
[0.963s] make[1]: *** [CMakeFiles/Makefile2:137: CMakeFiles/tf_plugin.dir/all] Error 2
[0.963s] make: *** [Makefile:146: all] Error 2
[0.964s] Invoked command in '/home/lorena/drafts_ws/build/my_box_bot_gazebo' returned '2': CMAKE_PREFIX_PATH=${CMAKE_PREFIX_PATH}:/opt/ros/foxy /usr/bin/cmake --build /home/lorena/drafts_ws/build/my_box_bot_gazebo -- -j12 -l12
